d:\procedurallygeneratedterrain(working)\procedurallygeneratedterrain\x64\debug\vc140.pdb
d:\procedurallygeneratedterrain(working)\procedurallygeneratedterrain\x64\debug\vc140.idb
d:\procedurallygeneratedterrain(working)\procedurallygeneratedterrain\x64\debug\cameraclass.obj
d:\procedurallygeneratedterrain(working)\procedurallygeneratedterrain\x64\debug\colorshaderclass.obj
d:\procedurallygeneratedterrain(working)\procedurallygeneratedterrain\x64\debug\d3dclass.obj
d:\procedurallygeneratedterrain(working)\procedurallygeneratedterrain\x64\debug\graphicsclass.obj
d:\procedurallygeneratedterrain(working)\procedurallygeneratedterrain\x64\debug\inputclass.obj
d:\procedurallygeneratedterrain(working)\procedurallygeneratedterrain\x64\debug\main.obj
d:\procedurallygeneratedterrain(working)\procedurallygeneratedterrain\x64\debug\modelclass.obj
d:\procedurallygeneratedterrain(working)\procedurallygeneratedterrain\x64\debug\systemclass.obj
d:\procedurallygeneratedterrain(working)\procedurallygeneratedterrain\x64\debug\textureclass.obj
d:\procedurallygeneratedterrain(working)\procedurallygeneratedterrain\x64\debug\textureshaderclass.obj
d:\procedurallygeneratedterrain(working)\x64\debug\procedurallygeneratedterrain.ilk
d:\procedurallygeneratedterrain(working)\x64\debug\procedurallygeneratedterrain.exe
d:\procedurallygeneratedterrain(working)\x64\debug\procedurallygeneratedterrain.pdb
d:\procedurallygeneratedterrain(working)\procedurallygeneratedterrain\x64\debug\colourshaderclass.obj.enc
d:\procedurallygeneratedterrain(working)\procedurallygeneratedterrain\x64\debug\procedur.adbbb9f9.tlog\cl.command.1.tlog
d:\procedurallygeneratedterrain(working)\procedurallygeneratedterrain\x64\debug\procedur.adbbb9f9.tlog\cl.read.1.tlog
d:\procedurallygeneratedterrain(working)\procedurallygeneratedterrain\x64\debug\procedur.adbbb9f9.tlog\cl.write.1.tlog
d:\procedurallygeneratedterrain(working)\procedurallygeneratedterrain\x64\debug\procedur.adbbb9f9.tlog\link.command.1.tlog
d:\procedurallygeneratedterrain(working)\procedurallygeneratedterrain\x64\debug\procedur.adbbb9f9.tlog\link.read.1.tlog
d:\procedurallygeneratedterrain(working)\procedurallygeneratedterrain\x64\debug\procedur.adbbb9f9.tlog\link.write.1.tlog
